<?xml version="1.0" encoding="UTF-8"?>
<!-- Generated by org.testng.reporters.JUnitReportReporter -->
<testsuite skipped="0" hostname="GYANESH-PC" name="com.qa.hubspot.tests.LoginTest" tests="3" failures="0" timestamp="14 Mar 2019 07:33:44 GMT" time="27.261" errors="0">
  <testcase name="loginPageTitleTest" time="8.284" classname="com.qa.hubspot.tests.LoginTest"/>
  <testcase name="forgotPwdLinkTest" time="8.845" classname="com.qa.hubspot.tests.LoginTest"/>
  <testcase name="login_CorrectData_Test" time="10.132" classname="com.qa.hubspot.tests.LoginTest"/>
</testsuite> <!-- com.qa.hubspot.tests.LoginTest -->
